build/app/intermediates/manifest_merge_blame_file/debug/manifest-merger-blame-debug-report.txt
1<?xml version="1.0" encoding="utf-8"?>
2<manifest xmlns:android="http://schemas.android.com/apk/res/android"
3    package="com.codenameakshay.kai"
4    android:versionCode="1"
5    android:versionName="1.0.0" >
6
7    <uses-sdk
8        android:minSdkVersion="16"
9        android:targetSdkVersion="31" />
10    <!--
11         Flutter needs it to communicate with the running application
12         to allow setting breakpoints, to provide hot reload, etc.
13    -->
14    <uses-permission android:name="android.permission.INTERNET" />
14-->src/main/AndroidManifest.xml:3:5-66
14-->src/main/AndroidManifest.xml:3:22-64
15    <uses-permission android:name="android.permission.RECORD_AUDIO" />
15-->src/main/AndroidManifest.xml:4:5-70
15-->src/main/AndroidManifest.xml:4:22-68
16    <uses-permission android:name="android.permission.WRITE_EXTERNAL_STORAGE" />
16-->src/main/AndroidManifest.xml:5:5-80
16-->src/main/AndroidManifest.xml:5:22-78
17    <uses-permission android:name="android.permission.ACCESS_NETWORK_STATE" />
17-->[com.google.android.exoplayer:exoplayer-core:2.15.0] AndroidManifest.xml:24:5-79
17-->[com.google.android.exoplayer:exoplayer-core:2.15.0] AndroidManifest.xml:24:22-76
18
19    <queries>
19-->[androidx.media2:media2-session:1.1.3] AndroidManifest.xml:24:5-34:15
20        <intent>
20-->[androidx.media2:media2-session:1.1.3] AndroidManifest.xml:25:9-27:18
21            <action android:name="android.media.browse.MediaBrowserService" />
21-->[androidx.media2:media2-session:1.1.3] AndroidManifest.xml:26:13-79
21-->[androidx.media2:media2-session:1.1.3] AndroidManifest.xml:26:21-76
22        </intent>
23        <intent>
23-->[androidx.media2:media2-session:1.1.3] AndroidManifest.xml:28:9-30:18
24            <action android:name="androidx.media2.session.MediaSessionService" />
24-->[androidx.media2:media2-session:1.1.3] AndroidManifest.xml:29:13-82
24-->[androidx.media2:media2-session:1.1.3] AndroidManifest.xml:29:21-79
25        </intent>
26        <intent>
26-->[androidx.media2:media2-session:1.1.3] AndroidManifest.xml:31:9-33:18
27            <action android:name="androidx.media2.session.MediaLibraryService" />
27-->[androidx.media2:media2-session:1.1.3] AndroidManifest.xml:32:13-82
27-->[androidx.media2:media2-session:1.1.3] AndroidManifest.xml:32:21-79
28        </intent>
29    </queries>
30
31    <application
32        android:name="android.app.Application"
33        android:appComponentFactory="androidx.core.app.CoreComponentFactory"
33-->[androidx.core:core:1.6.0] AndroidManifest.xml:24:18-86
34        android:debuggable="true"
35        android:icon="@mipmap/ic_launcher"
36        android:label="Kai" >
37        <activity
38            android:name="com.codenameakshay.kai.MainActivity"
39            android:configChanges="orientation|keyboardHidden|keyboard|screenSize|smallestScreenSize|locale|layoutDirection|fontScale|screenLayout|density|uiMode"
40            android:exported="true"
41            android:hardwareAccelerated="true"
42            android:launchMode="singleTop"
43            android:theme="@style/LaunchTheme"
44            android:windowSoftInputMode="adjustResize" >
45
46            <!--
47                 Specifies an Android theme to apply to this Activity as soon as
48                 the Android process has started. This theme is visible to the user
49                 while the Flutter UI initializes. After that, this theme continues
50                 to determine the Window background behind the Flutter UI.
51            -->
52            <meta-data
53                android:name="io.flutter.embedding.android.NormalTheme"
54                android:resource="@style/NormalTheme" />
55
56            <intent-filter>
57                <action android:name="android.intent.action.MAIN" />
58
59                <category android:name="android.intent.category.LAUNCHER" />
60            </intent-filter>
61        </activity>
62        <!--
63             Don't delete the meta-data below.
64             This is used by the Flutter tool to generate GeneratedPluginRegistrant.java
65        -->
66        <meta-data
67            android:name="flutterEmbedding"
68            android:value="2" />
69
70        <provider
70-->[:flutter_mailer] AndroidManifest.xml:8:9-16:20
71            android:name="com.dataxad.flutter_mailer.FlutterMailerFileProvider"
71-->[:flutter_mailer] AndroidManifest.xml:9:13-80
72            android:authorities="com.codenameakshay.kai.adv_provider"
72-->[:flutter_mailer] AndroidManifest.xml:10:13-64
73            android:exported="false"
73-->[:flutter_mailer] AndroidManifest.xml:11:13-37
74            android:grantUriPermissions="true" >
74-->[:flutter_mailer] AndroidManifest.xml:12:13-47
75            <meta-data
75-->[:flutter_mailer] AndroidManifest.xml:13:13-15:64
76                android:name="android.support.FILE_PROVIDER_PATHS"
76-->[:flutter_mailer] AndroidManifest.xml:14:17-67
77                android:resource="@xml/flutter_mailer_paths" />
77-->[:flutter_mailer] AndroidManifest.xml:15:17-61
78        </provider>
79    </application>
80
81</manifest>